Case #1: AB AB
Case #2: A AB C C AB
Case #3: C C AB
Case #4: B BA B AC
Case #5: AB C C AB
Case #6: AB AB A BC
Case #7: AC A CB
Case #8: BC BC BC B CA
Case #9: B BC BC B CA
Case #10: A BC
Case #11: AC AC AC A CB
Case #12: AB AB C C AB
Case #13: BC BC A A BC
Case #14: B BC B CA
Case #15: AB AB AB AB
Case #16: AB A BC
Case #17: C CA CA B B CA
Case #18: B B AC
Case #19: C CA B B CA
Case #20: C CB C BA
Case #21: C CB CB C BA
Case #22: A AB AB C C AB
Case #23: A AC A CB
Case #24: A AC AC A CB
Case #25: AC AC B B AC
Case #26: A A BC
Case #27: AB AB AB A BC
Case #28: B BA C C BA
Case #29: B BC BC A A BC
Case #30: AC AC A CB
Case #31: C CB CB A A CB
Case #32: BC B CA
Case #33: B BA BA C C BA
Case #34: AB C CA B B CA
Case #35: B BA BA B AC
Case #36: BC BC B CA
Case #37: C C CA B B CA
Case #38: C CA CA C AB
Case #39: B B BA C C BA
Case #40: C CA C AB
Case #41: A AC AC B B AC
Case #42: AB AB AB
Case #43: A AB A BC
Case #44: A A AB C C AB
Case #45: AB
Case #46: A AB AB A BC
